<?xml version="1.0" encoding="UTF-8"?>
<testng-results skipped="0" failed="0" ignored="0" total="1" passed="1">
  <reporter-output>
  </reporter-output>
  <suite name="Default suite" duration-ms="24271" started-at="2019-03-14T09:52:18Z" finished-at="2019-03-14T09:52:43Z">
    <groups>
    </groups>
    <test name="Default test" duration-ms="24271" started-at="2019-03-14T09:52:18Z" finished-at="2019-03-14T09:52:43Z">
      <class name="day9.GridExample">
        <test-method status="PASS" signature="f()[pri:0, instance:day9.GridExample@58651fd0]" name="f" duration-ms="24239" started-at="2019-03-14T15:22:18Z" finished-at="2019-03-14T15:22:43Z">
          <reporter-output>
          </reporter-output>
        </test-method> <!-- f -->
      </class> <!-- day9.GridExample -->
    </test> <!-- Default test -->
  </suite> <!-- Default suite -->
</testng-results>
