<?xml version="1.0" encoding="UTF-8"?>
<!-- Generated by org.testng.reporters.JUnitXMLReporter -->
<testsuite hostname="Infva06761" ignored="0" name="dependsOnExample" tests="3" failures="0" timestamp="13 Mar 2019 07:37:59 GMT" time="11.076" errors="0">
  <testcase name="f1" time="2.545" classname="day8.DependsExample"/>
  <testcase name="f2" time="0.064" classname="day8.DependsExample"/>
  <testcase name="f3" time="3.269" classname="day8.DependsExample"/>
</testsuite> <!-- dependsOnExample -->
