<?xml version="1.0" encoding="UTF-8"?>
<!-- Generated by org.testng.reporters.JUnitXMLReporter -->
<testsuite hostname="Infva06761" ignored="2" name="Test" tests="1" failures="0" timestamp="13 Mar 2019 09:10:18 GMT" time="0.031" errors="0">
  <testcase name="f1" time="0.015" classname="day8.Grouping"/>
  <testcase name="f3" time="0.0" classname="day8.Grouping">
    <ignored/>
  </testcase> <!-- f3 -->
  <testcase name="f2" time="0.0" classname="day8.Grouping">
    <ignored/>
  </testcase> <!-- f2 -->
</testsuite> <!-- Test -->
