<?xml version="1.0" encoding="UTF-8"?>
<testng-results skipped="0" failed="0" ignored="0" total="1" passed="1">
  <reporter-output>
  </reporter-output>
  <suite name="Default suite" duration-ms="188" started-at="2019-03-15T12:07:22Z" finished-at="2019-03-15T12:07:22Z">
    <groups>
    </groups>
    <test name="Default test" duration-ms="188" started-at="2019-03-15T12:07:22Z" finished-at="2019-03-15T12:07:22Z">
      <class name="Day10.Reflection">
        <test-method status="PASS" signature="f()[pri:0, instance:Day10.Reflection@62e136d3]" name="f" duration-ms="82" started-at="2019-03-15T17:37:22Z" finished-at="2019-03-15T17:37:22Z">
          <reporter-output>
          </reporter-output>
        </test-method> <!-- f -->
      </class> <!-- Day10.Reflection -->
    </test> <!-- Default test -->
  </suite> <!-- Default suite -->
</testng-results>
